<?xml version="1.0" encoding="UTF-8"?>
<!-- Generated by org.testng.reporters.JUnitReportReporter -->
<testsuite name="Rest.Test1" tests="1" time="4.984" ignored="0" failures="0" timestamp="31 May 2019 09:06:04 GMT" skipped="0" hostname="IN5CG7192CP3" errors="0">
  <testcase name="GetMethod" time="4.984" classname="Rest.Test1"/>
</testsuite> <!-- Rest.Test1 -->
